# JRE version: Java(TM) SE Runtime Environment (7.0_51-b13) (build 1.7.0_51-b13)
# Java VM: Java HotSpot(TM) 64-Bit Server VM (24.51-b03 mixed mode windows-amd64 compressed oops)
Heap
 par new generation   total 314560K, used 298564K [0x00000000bae00000, 0x00000000d0350000, 0x00000000d0350000)
  eden space 279616K,  94% used [0x00000000bae00000, 0x00000000caf71390, 0x00000000cbf10000)
  from space 34944K,  99% used [0x00000000ce130000, 0x00000000d034fff8, 0x00000000d0350000)
  to   space 34944K,  42% used [0x00000000cbf10000, 0x00000000ccd95480, 0x00000000ce130000)
 concurrent mark-sweep generation total 699072K, used 36778K [0x00000000d0350000, 0x00000000fae00000, 0x00000000fae00000)
 concurrent-mark-sweep perm gen total 37896K, used 25392K [0x00000000fae00000, 0x00000000fd302000, 0x0000000100000000)
GC Heap History (6 events):
Event: 4.340 GC heap before
{Heap before GC invocations=0 (full 0):
 par new generation   total 314560K, used 279616K [0x00000000bae00000, 0x00000000d0350000, 0x00000000d0350000)
  eden space 279616K, 100% used [0x00000000bae00000, 0x00000000cbf10000, 0x00000000cbf10000)
  from space 34944K,   0% used [0x00000000cbf10000, 0x00000000cbf10000, 0x00000000ce130000)
  to   space 34944K,   0% used [0x00000000ce130000, 0x00000000ce130000, 0x00000000d0350000)
 concurrent mark-sweep generation total 699072K, used 0K [0x00000000d0350000, 0x00000000fae00000, 0x00000000fae00000)
 concurrent-mark-sweep perm gen total 21248K, used 20174K [0x00000000fae00000, 0x00000000fc2c0000, 0x0000000100000000)
Event: 4.361 GC heap after
Heap after GC invocations=1 (full 0):
 par new generation   total 314560K, used 34943K [0x00000000bae00000, 0x00000000d0350000, 0x00000000d0350000)
  eden space 279616K,   0% used [0x00000000bae00000, 0x00000000bae00000, 0x00000000cbf10000)
  from space 34944K,  99% used [0x00000000ce130000, 0x00000000d034fff8, 0x00000000d0350000)
  to   space 34944K,   0% used [0x00000000cbf10000, 0x00000000cbf10000, 0x00000000ce130000)
 concurrent mark-sweep generation total 699072K, used 2227K [0x00000000d0350000, 0x00000000fae00000, 0x00000000fae00000)
 concurrent-mark-sweep perm gen total 21248K, used 20174K [0x00000000fae00000, 0x00000000fc2c0000, 0x0000000100000000)
}
Event: 7.199 GC heap before
{Heap before GC invocations=1 (full 1):
 par new generation   total 314560K, used 314559K [0x00000000bae00000, 0x00000000d0350000, 0x00000000d0350000)
  eden space 279616K, 100% used [0x00000000bae00000, 0x00000000cbf10000, 0x00000000cbf10000)
  from space 34944K,  99% used [0x00000000ce130000, 0x00000000d034fff8, 0x00000000d0350000)
  to   space 34944K,   0% used [0x00000000cbf10000, 0x00000000cbf10000, 0x00000000ce130000)
 concurrent mark-sweep generation total 699072K, used 2227K [0x00000000d0350000, 0x00000000fae00000, 0x00000000fae00000)
 concurrent-mark-sweep perm gen total 22784K, used 22666K [0x00000000fae00000, 0x00000000fc440000, 0x0000000100000000)
Event: 7.250 GC heap after
Heap after GC invocations=2 (full 1):
 par new generation   total 314560K, used 20315K [0x00000000bae00000, 0x00000000d0350000, 0x00000000d0350000)
  eden space 279616K,   0% used [0x00000000bae00000, 0x00000000bae00000, 0x00000000cbf10000)
  from space 34944K,  58% used [0x00000000cbf10000, 0x00000000cd2e6db0, 0x00000000ce130000)
  to   space 34944K,   0% used [0x00000000ce130000, 0x00000000ce130000, 0x00000000d0350000)
 concurrent mark-sweep generation total 699072K, used 29262K [0x00000000d0350000, 0x00000000fae00000, 0x00000000fae00000)
 concurrent-mark-sweep perm gen total 22784K, used 22666K [0x00000000fae00000, 0x00000000fc440000, 0x0000000100000000)
}
Event: 8.794 GC heap before
{Heap before GC invocations=2 (full 1):
 par new generation   total 314560K, used 299931K [0x00000000bae00000, 0x00000000d0350000, 0x00000000d0350000)
  eden space 279616K, 100% used [0x00000000bae00000, 0x00000000cbf10000, 0x00000000cbf10000)
  from space 34944K,  58% used [0x00000000cbf10000, 0x00000000cd2e6db0, 0x00000000ce130000)
  to   space 34944K,   0% used [0x00000000ce130000, 0x00000000ce130000, 0x00000000d0350000)
 concurrent mark-sweep generation total 699072K, used 28177K [0x00000000d0350000, 0x00000000fae00000, 0x00000000fae00000)
 concurrent-mark-sweep perm gen total 37896K, used 22785K [0x00000000fae00000, 0x00000000fd302000, 0x0000000100000000)
Event: 8.818 GC heap after
Heap after GC invocations=3 (full 1):
 par new generation   total 314560K, used 34943K [0x00000000bae00000, 0x00000000d0350000, 0x00000000d0350000)
  eden space 279616K,   0% used [0x00000000bae00000, 0x00000000bae00000, 0x00000000cbf10000)
  from space 34944K,  99% used [0x00000000ce130000, 0x00000000d034fff8, 0x00000000d0350000)
  to   space 34944K,   0% used [0x00000000cbf10000, 0x00000000cbf10000, 0x00000000ce130000)
 concurrent mark-sweep generation total 699072K, used 30343K [0x00000000d0350000, 0x00000000fae00000, 0x00000000fae00000)
 concurrent-mark-sweep perm gen total 37896K, used 22785K [0x00000000fae00000, 0x00000000fd302000, 0x0000000100000000)
}

